1
2
3
3
4
4
4
4
3
3
2
3
5
5
5
5
[38;5;208msalle_1 10 90
[0m[38;5;208msalle_2 5 0
[0m[38;5;208msalle_3iiiiiiiiiiiiiiiiiiiii 89 99
[0m[38;5;208msalle_4 9 0
[0m[38;5;208msalle_5 3 0
[0m[35msalle_1-salle_2
[0m[35msalle_2-salle_3
[0m[35msalle_3-salle_4
[0m[35msalle_4-salle_5
[0m214
##start
salle_1 10 90
salle_2 5 0
#d adkesdas
#d adkesdas
#d adkesdas
##end adkesdas
salle_3iiiiiiiiiiiiiiiiiiiii 89 99
salle_4 9 0
##end
salle_5 3 0
salle_1-salle_2
salle_2-salle_3
salle_3-salle_4
salle_4-salle_5
[33mnb_ants = 214
[0m1
2
3
3
4
4
4
4
3
3
2
3
5
5
5
5
[38;5;208msalle_1 10 90
[0m[38;5;208msalle_2 5 0
[0m[38;5;208msalle_3iiiiiiiiiiiiiiiiiiiii 89 99
[0m[38;5;208msalle_4 9 0
[0m[38;5;208msalle_5 3 0
[0m[35msalle_1-salle_2
[0m[35msalle_2-salle_3
[0m[35msalle_3-salle_4
[0m[35msalle_4-salle_5
[0m214
##start
salle_1 10 90
salle_2 5 0
#d adkesdas
#d adkesdas
#d adkesdas
##end adkesdas
salle_3iiiiiiiiiiiiiiiiiiiii 89 99
salle_4 9 0
##end
salle_5 3 0
salle_1-salle_2
salle_2-salle_3
salle_3-salle_4
salle_4-salle_5
[33mnb_ants = 214
[0m1
2
3
3
4
4
4
4
3
3
2
3
5
5
5
5
[38;5;208msalle_1 10 90
[0m[38;5;208msalle_2 5 0
[0m[38;5;208msalle_3iiiiiiiiiiiiiiiiiiiii 89 99
[0m[38;5;208msalle_4 9 0
[0m[38;5;208msalle_5 3 0
[0m[35msalle_1-salle_2
[0m[35msalle_2-salle_3
[0m[35msalle_3-salle_4
[0m[35msalle_4-salle_5
[0m214
##start
salle_1 10 90
salle_2 5 0
#d adkesdas
#d adkesdas
#d adkesdas
##end adkesdas
salle_3iiiiiiiiiiiiiiiiiiiii 89 99
salle_4 9 0
##end
salle_5 3 0
salle_1-salle_2
salle_2-salle_3
salle_3-salle_4
salle_4-salle_5
[33mnb_ants = 214
[0m1
2
3
3
4
4
4
4
3
3
2
3
5
5
5
5
[38;5;208msalle_1 10 90
[0m[38;5;208msalle_2 5 0
[0m[38;5;208msalle_3iiiiiiiiiiiiiiiiiiiii 89 99
[0m[38;5;208msalle_4 9 0
[0m[38;5;208msalle_5 3 0
[0m[35msalle_1-salle_2
[0m[35msalle_2-salle_3
[0m[35msalle_3-salle_4
[0m[35msalle_4-salle_5
[0m214
##start
salle_1 10 90
salle_2 5 0
#d adkesdas
#d adkesdas
#d adkesdas
##end adkesdas
salle_3iiiiiiiiiiiiiiiiiiiii 89 99
salle_4 9 0
##end
salle_5 3 0
salle_1-salle_2
salle_2-salle_3
salle_3-salle_4
salle_4-salle_5
[33mnb_ants = 214
[0m1
2
3
3
4
4
4
4
3
3
2
3
5
5
5
5
[38;5;208msalle_1 10 90
[0m[38;5;208msalle_2 5 0
[0m[38;5;208msalle_3iiiiiiiiiiiiiiiiiiiii 89 99
[0m[38;5;208msalle_4 9 0
[0m[38;5;208msalle_5 3 0
[0m[35msalle_1-salle_2
[0m[35msalle_2-salle_3
[0m[35msalle_3-salle_4
[0m[35msalle_4-salle_5
[0m214
##start
salle_1 10 90
salle_2 5 0
#d adkesdas
#d adkesdas
#d adkesdas
##end adkesdas
salle_3iiiiiiiiiiiiiiiiiiiii 89 99
salle_4 9 0
##end
salle_5 3 0
salle_1-salle_2
salle_2-salle_3
salle_3-salle_4
salle_4-salle_5
[33mnb_ants = 214
[0m1
2
3
3
4
4
4
4
3
3
2
3
5
5
5
5
[38;5;208msalle_1 10 90
[0m[38;5;208msalle_2 5 0
[0m[38;5;208msalle_3iiiiiiiiiiiiiiiiiiiii 89 99
[0m[38;5;208msalle_4 9 0
[0m[38;5;208msalle_5 3 0
[0m[35msalle_1-salle_2
[0m[35msalle_2-salle_3
[0m[35msalle_3-salle_4
[0m[35msalle_4-salle_5
[0m214
##start
salle_1 10 90
salle_2 5 0
#d adkesdas
#d adkesdas
#d adkesdas
##end adkesdas
salle_3iiiiiiiiiiiiiiiiiiiii 89 99
salle_4 9 0
##end
salle_5 3 0
salle_1-salle_2
salle_2-salle_3
salle_3-salle_4
salle_4-salle_5
[33mnb_ants = 214
[0m1
2
3
3
4
4
4
4
3
3
2
3
5
5
5
5
[38;5;208msalle_1 10 90
[0m[38;5;208msalle_2 5 0
[0m[38;5;208msalle_3iiiiiiiiiiiiiiiiiiiii 89 99
[0m[38;5;208msalle_4 9 0
[0m[38;5;208msalle_5 3 0
[0m[35msalle_1-salle_2
[0m[35msalle_2-salle_3
[0m[35msalle_3-salle_4
[0m[35msalle_4-salle_5
[0m214
##start
salle_1 10 90
salle_2 5 0
#d adkesdas
#d adkesdas
#d adkesdas
##end adkesdas
salle_3iiiiiiiiiiiiiiiiiiiii 89 99
salle_4 9 0
##end
salle_5 3 0
salle_1-salle_2
salle_2-salle_3
salle_3-salle_4
salle_4-salle_5
[33mnb_ants = 214
[0m1
2
3
3
4
4
4
4
3
3
2
3
5
5
5
5
[38;5;208msalle_1 10 90
[0m[38;5;208msalle_2 5 0
[0m[38;5;208msalle_3iiiiiiiiiiiiiiiiiiiii 89 99
[0m[38;5;208msalle_4 9 0
[0m[38;5;208msalle_5 3 0
[0m[35msalle_1-salle_2
[0m[35msalle_2-salle_3
[0m[35msalle_3-salle_4
[0m[35msalle_4-salle_5
[0m214
##start
salle_1 10 90
salle_2 5 0
#d adkesdas
#d adkesdas
#d adkesdas
##end adkesdas
salle_3iiiiiiiiiiiiiiiiiiiii 89 99
salle_4 9 0
##end
salle_5 3 0
salle_1-salle_2
salle_2-salle_3
salle_3-salle_4
salle_4-salle_5
[33mnb_ants = 214
[0m1
2
3
3
4
4
4
4
3
3
2
3
5
5
5
5
[38;5;208msalle_1 10 90
[0m[38;5;208msalle_2 5 0
[0m[38;5;208msalle_3iiiiiiiiiiiiiiiiiiiii 89 99
[0m[38;5;208msalle_4 9 0
[0m[38;5;208msalle_5 3 0
[0m[35msalle_1-salle_2
[0m[35msalle_2-salle_3
[0m[35msalle_3-salle_4
[0m[35msalle_4-salle_5
[0m214
##start
salle_1 10 90
salle_2 5 0
#d adkesdas
#d adkesdas
#d adkesdas
##end adkesdas
salle_3iiiiiiiiiiiiiiiiiiiii 89 99
salle_4 9 0
##end
salle_5 3 0
salle_1-salle_2
salle_2-salle_3
salle_3-salle_4
salle_4-salle_5
[33mnb_ants = 214
[0m1
2
3
3
4
4
4
4
3
3
2
3
5
5
5
5
[38;5;208msalle_1 10 90
[0m[38;5;208msalle_2 5 0
[0m[38;5;208msalle_3iiiiiiiiiiiiiiiiiiiii 89 99
[0m[38;5;208msalle_4 9 0
[0m[38;5;208msalle_5 3 0
[0m[35msalle_1-salle_2
[0m[35msalle_2-salle_3
[0m[35msalle_3-salle_4
[0m[35msalle_4-salle_5
[0m214
##start
salle_1 10 90
salle_2 5 0
#d adkesdas
#d adkesdas
#d adkesdas
##end adkesdas
salle_3iiiiiiiiiiiiiiiiiiiii 89 99
salle_4 9 0
##end
salle_5 3 0
salle_1-salle_2
salle_2-salle_3
salle_3-salle_4
salle_4-salle_5
[33mnb_ants = 214
[0m1
2
3
3
4
4
4
4
3
3
2
3
5
5
5
5
[38;5;208msalle_1 10 90
[0m[38;5;208msalle_2 5 0
[0m[38;5;208msalle_3iiiiiiiiiiiiiiiiiiiii 89 99
[0m[38;5;208msalle_4 9 0
[0m[38;5;208msalle_5 3 0
[0m[35msalle_1-salle_2
[0m[35msalle_2-salle_3
[0m[35msalle_3-salle_4
[0m[35msalle_4-salle_5
[0m214
##start
salle_1 10 90
salle_2 5 0
#d adkesdas
#d adkesdas
#d adkesdas
##end adkesdas
salle_3iiiiiiiiiiiiiiiiiiiii 89 99
salle_4 9 0
##end
salle_5 3 0
salle_1-salle_2
salle_2-salle_3
salle_3-salle_4
salle_4-salle_5
[33mnb_ants = 214
[0m1
2
3
3
4
4
4
4
3
3
2
3
5
5
5
5
[38;5;208msalle_1 10 90
[0m[38;5;208msalle_2 5 0
[0m[38;5;208msalle_3iiiiiiiiiiiiiiiiiiiii 89 99
[0m[38;5;208msalle_4 9 0
[0m[38;5;208msalle_5 3 0
[0m[35msalle_1-salle_2
[0m[35msalle_2-salle_3
[0m[35msalle_3-salle_4
[0m[35msalle_4-salle_5
[0m214
##start
salle_1 10 90
salle_2 5 0
#d adkesdas
#d adkesdas
#d adkesdas
##end adkesdas
salle_3iiiiiiiiiiiiiiiiiiiii 89 99
salle_4 9 0
##end
salle_5 3 0
salle_1-salle_2
salle_2-salle_3
salle_3-salle_4
salle_4-salle_5
[33mnb_ants = 214
[0m1
2
3
3
4
4
4
4
3
3
2
3
5
5
5
5
[38;5;208msalle_1 10 90
[0m[38;5;208msalle_2 5 0
[0m[38;5;208msalle_3iiiiiiiiiiiiiiiiiiiii 89 99
[0m[38;5;208msalle_4 9 0
[0m[38;5;208msalle_5 3 0
[0m[35msalle_1-salle_2
[0m[35msalle_2-salle_3
[0m[35msalle_3-salle_4
[0m[35msalle_4-salle_5
[0m214
##start
salle_1 10 90
salle_2 5 0
#d adkesdas
#d adkesdas
#d adkesdas
##end adkesdas
salle_3iiiiiiiiiiiiiiiiiiiii 89 99
salle_4 9 0
##end
salle_5 3 0
salle_1-salle_2
salle_2-salle_3
salle_3-salle_4
salle_4-salle_5
[33mnb_ants = 214
[0m1
2
3
3
4
4
4
4
3
3
2
3
5
5
5
5
[38;5;208msalle_1 10 90
[0m[38;5;208msalle_2 5 0
[0m[38;5;208msalle_3iiiiiiiiiiiiiiiiiiiii 89 99
[0m[38;5;208msalle_4 9 0
[0m[38;5;208msalle_5 3 0
[0m[35msalle_1-salle_2
[0m[35msalle_2-salle_3
[0m[35msalle_3-salle_4
[0m[35msalle_4-salle_5
[0m214
##start
salle_1 10 90
salle_2 5 0
#d adkesdas
#d adkesdas
#d adkesdas
##end adkesdas
salle_3iiiiiiiiiiiiiiiiiiiii 89 99
salle_4 9 0
##end
salle_5 3 0
salle_1-salle_2
salle_2-salle_3
salle_3-salle_4
salle_4-salle_5
[33mnb_ants = 214
[0m1
2
3
3
4
4
4
4
3
3
2
3
5
5
5
5
[38;5;208msalle_1 10 90
[0m[38;5;208msalle_2 5 0
[0m[38;5;208msalle_3iiiiiiiiiiiiiiiiiiiii 89 99
[0m[38;5;208msalle_4 9 0
[0m[38;5;208msalle_5 3 0
[0m[35msalle_1-salle_2
[0m[35msalle_2-salle_3
[0m[35msalle_3-salle_4
[0m[35msalle_4-salle_5
[0m214
##start
salle_1 10 90
salle_2 5 0
#d adkesdas
#d adkesdas
#d adkesdas
##end adkesdas
salle_3iiiiiiiiiiiiiiiiiiiii 89 99
salle_4 9 0
##end
salle_5 3 0
salle_1-salle_2
salle_2-salle_3
salle_3-salle_4
salle_4-salle_5
[33mnb_ants = 214
[0m1
2
3
3
4
4
4
4
3
3
2
3
5
5
5
5
[38;5;208msalle_1 10 90
[0m[38;5;208msalle_2 5 0
[0m[38;5;208msalle_3iiiiiiiiiiiiiiiiiiiii 89 99
[0m[38;5;208msalle_4 9 0
[0m[38;5;208msalle_5 3 0
[0m[35msalle_1-salle_2
[0m[35msalle_2-salle_3
[0m[35msalle_3-salle_4
[0m[35msalle_4-salle_5
[0m214
##start
salle_1 10 90
salle_2 5 0
#d adkesdas
#d adkesdas
#d adkesdas
##end adkesdas
salle_3iiiiiiiiiiiiiiiiiiiii 89 99
salle_4 9 0
##end
salle_5 3 0
salle_1-salle_2
salle_2-salle_3
salle_3-salle_4
salle_4-salle_5
[33mnb_ants = 214
[0m1
2
3
3
4
4
4
4
3
3
2
3
5
5
5
5
[38;5;208msalle_1 10 90
[0m[38;5;208msalle_2 5 0
[0m[38;5;208msalle_3iiiiiiiiiiiiiiiiiiiii 89 99
[0m[38;5;208msalle_4 9 0
[0m[38;5;208msalle_5 3 0
[0m[35msalle_1-salle_2
[0m[35msalle_2-salle_3
[0m[35msalle_3-salle_4
[0m[35msalle_4-salle_5
[0m214
##start
salle_1 10 90
salle_2 5 0
#d adkesdas
#d adkesdas
#d adkesdas
##end adkesdas
salle_3iiiiiiiiiiiiiiiiiiiii 89 99
salle_4 9 0
##end
salle_5 3 0
salle_1-salle_2
salle_2-salle_3
salle_3-salle_4
salle_4-salle_5
[33mnb_ants = 214
[0m1
2
3
3
4
4
4
4
3
3
2
3
5
5
5
5
[38;5;208msalle_1 10 90
[0m[38;5;208msalle_2 5 0
[0m[38;5;208msalle_3iiiiiiiiiiiiiiiiiiiii 89 99
[0m[38;5;208msalle_4 9 0
[0m[38;5;208msalle_5 3 0
[0m[35msalle_1-salle_2
[0m[35msalle_2-salle_3
[0m[35msalle_3-salle_4
[0m[35msalle_4-salle_5
[0m214
##start
salle_1 10 90
salle_2 5 0
#d adkesdas
#d adkesdas
#d adkesdas
##end adkesdas
salle_3iiiiiiiiiiiiiiiiiiiii 89 99
salle_4 9 0
##end
salle_5 3 0
salle_1-salle_2
salle_2-salle_3
salle_3-salle_4
salle_4-salle_5
[33mnb_ants = 214
[0m1
2
3
3
4
4
4
4
3
3
2
3
5
5
5
5
[38;5;208msalle_1 10 90
[0m[38;5;208msalle_2 5 0
[0m[38;5;208msalle_3iiiiiiiiiiiiiiiiiiiii 89 99
[0m[38;5;208msalle_4 9 0
[0m[38;5;208msalle_5 3 0
[0m[35msalle_1-salle_2
[0m[35msalle_2-salle_3
[0m[35msalle_3-salle_4
[0m[35msalle_4-salle_5
[0m214
##start
salle_1 10 90
salle_2 5 0
#d adkesdas
#d adkesdas
#d adkesdas
##end adkesdas
salle_3iiiiiiiiiiiiiiiiiiiii 89 99
salle_4 9 0
##end
salle_5 3 0
salle_1-salle_2
salle_2-salle_3
salle_3-salle_4
salle_4-salle_5
[33mnb_ants = 214
[0m1
2
3
3
4
4
4
4
3
3
2
3
5
5
5
5
[38;5;208msalle_1 10 90
[0m[38;5;208msalle_2 5 0
[0m[38;5;208msalle_3iiiiiiiiiiiiiiiiiiiii 89 99
[0m[38;5;208msalle_4 9 0
[0m[38;5;208msalle_5 3 0
[0m[35msalle_1-salle_2
[0m[35msalle_2-salle_3
[0m[35msalle_3-salle_4
[0m[35msalle_4-salle_5
[0m214
##start
salle_1 10 90
salle_2 5 0
#d adkesdas
#d adkesdas
#d adkesdas
##end adkesdas
salle_3iiiiiiiiiiiiiiiiiiiii 89 99
salle_4 9 0
##end
salle_5 3 0
salle_1-salle_2
salle_2-salle_3
salle_3-salle_4
salle_4-salle_5
[33mnb_ants = 214
[0m